ERROR: Failed to open config file
INFO: User logged out
WARNING: Memory usage high
WARNING: Memory usage high
WARNING: Disk space low
ERROR: Failed to open config file
ERROR: Failed to open config file
INFO: System started
INFO: System started
ERROR: Permission denied
WARNING: Unusual activity detected
INFO: System started
INFO: User logged out
WARNING: Unusual activity detected
ERROR: Timeout occurred
WARNING: Memory usage high
ERROR: Timeout occurred
WARNING: Disk space low
ERROR: Timeout occurred
INFO: Job completed successfully
INFO: User logged in
WARNING: Disk space low
WARNING: Memory usage high
WARNING: Disk space low
WARNING: Disk space low
INFO: User logged in
INFO: User logged in
INFO: Job completed successfully
INFO: User logged in
INFO: User logged in
WARNING: Memory usage high
INFO: User logged in
WARNING: Memory usage high
INFO: System started
WARNING: Unusual activity detected
INFO: User logged in
INFO: User logged in
INFO: User logged out
ERROR: Permission denied
WARNING: Disk space low
WARNING: Memory usage high
INFO: User logged in
WARNING: Disk space low
INFO: System started
ERROR: Failed to open config file
ERROR: Timeout occurred
INFO: User logged out
INFO: User logged out
WARNING: Memory usage high
ERROR: Permission denied
WARNING: Memory usage high
INFO: User logged in
INFO: Job completed successfully
WARNING: Disk space low
INFO: User logged out
INFO: User logged out
ERROR: File not found
ERROR: Failed to open config file
INFO: User logged in
INFO: User logged in
ERROR: Failed to open config file
ERROR: File not found
INFO: Job completed successfully
WARNING: Memory usage high
INFO: User logged out
ERROR: Failed to open config file
WARNING: Memory usage high
ERROR: Timeout occurred
WARNING: Disk space low
INFO: User logged out
ERROR: Failed to open config file
ERROR: Timeout occurred
ERROR: File not found
INFO: User logged out
INFO: Job completed successfully
INFO: Job completed successfully
ERROR: File not found
INFO: System started
WARNING: Memory usage high
ERROR: File not found
ERROR: Failed to open config file
WARNING: Disk space low
INFO: Job completed successfully
INFO: System started
ERROR: Permission denied
INFO: User logged in
INFO: User logged out
INFO: System started
WARNING: Unusual activity detected
INFO: Job completed successfully
ERROR: File not found
INFO: User logged out
WARNING: Disk space low
INFO: User logged in
ERROR: Failed to open config file
ERROR: File not found
INFO: User logged in
INFO: System started
INFO: User logged out
WARNING: Memory usage high
INFO: System started
INFO: Job completed successfully
INFO: Job completed successfully
WARNING: Disk space low
INFO: User logged in
ERROR: File not found
INFO: User logged out
INFO: System started
ERROR: Timeout occurred
WARNING: Disk space low
WARNING: Unusual activity detected
ERROR: Permission denied
INFO: Job completed successfully
INFO: User logged out
WARNING: Memory usage high
ERROR: Timeout occurred
ERROR: Failed to open config file
INFO: User logged in
WARNING: Unusual activity detected
ERROR: Permission denied
INFO: Job completed successfully
ERROR: Permission denied
ERROR: File not found
WARNING: Memory usage high
WARNING: Unusual activity detected
INFO: User logged out
WARNING: Unusual activity detected
INFO: User logged out
ERROR: Permission denied
ERROR: Timeout occurred
INFO: Job completed successfully
WARNING: Disk space low
WARNING: Memory usage high
ERROR: Permission denied
WARNING: Unusual activity detected
INFO: System started
INFO: User logged out
INFO: User logged in
WARNING: Disk space low
WARNING: Unusual activity detected
INFO: User logged out
INFO: System started
WARNING: Memory usage high
WARNING: Disk space low
INFO: User logged out
INFO: User logged out
INFO: User logged in
WARNING: Disk space low
INFO: System started
ERROR: File not found
ERROR: File not found
ERROR: File not found
ERROR: Permission denied
INFO: User logged out
ERROR: Failed to open config file
INFO: User logged in
ERROR: Failed to open config file
INFO: User logged in
INFO: User logged in
ERROR: Failed to open config file
ERROR: File not found
INFO: System started
WARNING: Unusual activity detected
ERROR: Failed to open config file
WARNING: Unusual activity detected
WARNING: Memory usage high
WARNING: Disk space low
INFO: Job completed successfully
INFO: System started
INFO: User logged in
INFO: User logged in
WARNING: Disk space low
WARNING: Disk space low
ERROR: Timeout occurred
INFO: User logged out
ERROR: Failed to open config file
INFO: User logged out
INFO: User logged out
INFO: User logged out
WARNING: Disk space low
INFO: Job completed successfully
INFO: User logged out
INFO: User logged out
ERROR: Failed to open config file
WARNING: Unusual activity detected
INFO: System started
WARNING: Unusual activity detected
WARNING: Disk space low
WARNING: Memory usage high
ERROR: Permission denied
INFO: User logged in
WARNING: Unusual activity detected
ERROR: Timeout occurred
ERROR: Failed to open config file
INFO: User logged in
INFO: User logged in
INFO: User logged in
ERROR: Permission denied
INFO: Job completed successfully
WARNING: Memory usage high
INFO: User logged in
INFO: Job completed successfully
WARNING: Disk space low
INFO: User logged out
ERROR: Failed to open config file
ERROR: Permission denied
ERROR: Failed to open config file
INFO: User logged out
INFO: User logged out
INFO: User logged in
WARNING: Disk space low
WARNING: Disk space low
WARNING: Disk space low
ERROR: Permission denied
ERROR: File not found
INFO: Job completed successfully
ERROR: File not found
WARNING: Disk space low
INFO: System started
ERROR: Timeout occurred
ERROR: File not found
WARNING: Disk space low
INFO: User logged in
WARNING: Memory usage high
ERROR: Failed to open config file
WARNING: Disk space low
WARNING: Disk space low
INFO: System started
INFO: Job completed successfully
ERROR: Failed to open config file
WARNING: Disk space low
INFO: User logged in
ERROR: Failed to open config file
WARNING: Unusual activity detected
ERROR: Failed to open config file
WARNING: Disk space low
INFO: User logged in
INFO: User logged in
WARNING: Disk space low
WARNING: Unusual activity detected
WARNING: Disk space low
INFO: User logged out
INFO: User logged in
WARNING: Memory usage high
INFO: User logged in
ERROR: File not found
WARNING: Disk space low
WARNING: Disk space low
ERROR: Failed to open config file
WARNING: Disk space low
INFO: System started
ERROR: File not found
ERROR: Failed to open config file
ERROR: Permission denied
WARNING: Memory usage high
INFO: Job completed successfully
WARNING: Disk space low
ERROR: File not found
INFO: System started
ERROR: Permission denied
WARNING: Memory usage high
INFO: Job completed successfully
WARNING: Disk space low
WARNING: Unusual activity detected
WARNING: Unusual activity detected
ERROR: Timeout occurred
WARNING: Unusual activity detected
ERROR: Timeout occurred
WARNING: Unusual activity detected
WARNING: Disk space low
INFO: User logged out
WARNING: Disk space low
INFO: Job completed successfully
INFO: Job completed successfully
WARNING: Unusual activity detected
WARNING: Unusual activity detected
INFO: User logged in
INFO: Job completed successfully
WARNING: Unusual activity detected
INFO: Job completed successfully
INFO: Job completed successfully
WARNING: Memory usage high
INFO: Job completed successfully
INFO: User logged out
ERROR: Permission denied
ERROR: Permission denied
INFO: Job completed successfully
INFO: System started
WARNING: Memory usage high
WARNING: Disk space low
INFO: Job completed successfully
WARNING: Disk space low
WARNING: Disk space low
INFO: User logged in
ERROR: File not found
WARNING: Unusual activity detected
INFO: User logged out
INFO: User logged in
INFO: User logged in
WARNING: Memory usage high
ERROR: Failed to open config file
ERROR: Failed to open config file
INFO: System started
ERROR: File not found
WARNING: Memory usage high
WARNING: Memory usage high
INFO: System started
INFO: User logged out
INFO: Job completed successfully
INFO: Job completed successfully
WARNING: Disk space low
ERROR: Timeout occurred
ERROR: Failed to open config file
ERROR: File not found
WARNING: Memory usage high
INFO: System started
WARNING: Disk space low
WARNING: Memory usage high
WARNING: Memory usage high
WARNING: Unusual activity detected
ERROR: Timeout occurred
ERROR: Timeout occurred
WARNING: Memory usage high
INFO: Job completed successfully
WARNING: Unusual activity detected
WARNING: Unusual activity detected
ERROR: Failed to open config file
INFO: Job completed successfully
INFO: Job completed successfully
ERROR: File not found
WARNING: Memory usage high
WARNING: Disk space low
INFO: Job completed successfully
ERROR: Failed to open config file
INFO: User logged out
ERROR: Timeout occurred
INFO: User logged out
INFO: User logged out
INFO: User logged out
INFO: User logged out
WARNING: Unusual activity detected
INFO: System started
ERROR: Failed to open config file
INFO: User logged out
WARNING: Disk space low
ERROR: Failed to open config file
INFO: Job completed successfully
WARNING: Disk space low
WARNING: Disk space low
ERROR: Failed to open config file
INFO: System started
ERROR: Permission denied
ERROR: Permission denied
INFO: User logged out
INFO: User logged in
WARNING: Unusual activity detected
WARNING: Memory usage high
ERROR: Permission denied
WARNING: Disk space low
WARNING: Disk space low
ERROR: File not found
WARNING: Unusual activity detected
INFO: Job completed successfully
INFO: Job completed successfully
WARNING: Memory usage high
WARNING: Disk space low
WARNING: Disk space low
INFO: Job completed successfully
WARNING: Unusual activity detected
ERROR: Timeout occurred
ERROR: Timeout occurred
WARNING: Unusual activity detected
INFO: Job completed successfully
ERROR: Permission denied
ERROR: Failed to open config file
WARNING: Memory usage high
WARNING: Disk space low
ERROR: Failed to open config file
ERROR: File not found
WARNING: Disk space low
WARNING: Disk space low
INFO: System started
ERROR: Timeout occurred
INFO: User logged out
WARNING: Disk space low
WARNING: Disk space low
WARNING: Memory usage high
ERROR: Timeout occurred
WARNING: Memory usage high
INFO: Job completed successfully
ERROR: Permission denied
INFO: Job completed successfully
WARNING: Disk space low
ERROR: Failed to open config file
ERROR: Timeout occurred
ERROR: Failed to open config file
WARNING: Memory usage high
WARNING: Disk space low
ERROR: File not found
ERROR: Timeout occurred
ERROR: Timeout occurred
INFO: Job completed successfully
WARNING: Memory usage high
WARNING: Disk space low
WARNING: Disk space low
INFO: Job completed successfully
WARNING: Disk space low
ERROR: Failed to open config file
INFO: System started
WARNING: Memory usage high
ERROR: Timeout occurred
WARNING: Disk space low
ERROR: Timeout occurred
ERROR: Timeout occurred
INFO: User logged out
ERROR: Failed to open config file
ERROR: Failed to open config file
WARNING: Memory usage high
INFO: System started
INFO: System started
ERROR: Failed to open config file
INFO: User logged in
WARNING: Disk space low
ERROR: Permission denied
WARNING: Unusual activity detected
WARNING: Memory usage high
WARNING: Memory usage high
ERROR: Timeout occurred
ERROR: File not found
ERROR: Failed to open config file
ERROR: Timeout occurred
INFO: User logged in
ERROR: Failed to open config file
WARNING: Memory usage high
INFO: User logged in
INFO: User logged in
WARNING: Memory usage high
INFO: System started
INFO: Job completed successfully
WARNING: Disk space low
INFO: Job completed successfully
WARNING: Memory usage high
WARNING: Disk space low
WARNING: Disk space low
WARNING: Memory usage high
INFO: Job completed successfully
INFO: System started
WARNING: Unusual activity detected
ERROR: Timeout occurred
WARNING: Memory usage high
WARNING: Unusual activity detected
ERROR: File not found
INFO: System started
INFO: User logged out
ERROR: File not found
ERROR: Failed to open config file
INFO: User logged in
INFO: User logged out
ERROR: Failed to open config file
WARNING: Disk space low
INFO: System started
WARNING: Memory usage high
ERROR: Timeout occurred
INFO: System started
WARNING: Disk space low
ERROR: File not found
ERROR: File not found
WARNING: Memory usage high
WARNING: Memory usage high
INFO: Job completed successfully
WARNING: Disk space low
ERROR: File not found
WARNING: Memory usage high
WARNING: Disk space low
ERROR: File not found
ERROR: Permission denied
INFO: Job completed successfully
WARNING: Disk space low
WARNING: Disk space low
WARNING: Memory usage high
WARNING: Unusual activity detected
ERROR: Timeout occurred
WARNING: Unusual activity detected
INFO: System started
ERROR: Timeout occurred
INFO: Job completed successfully
WARNING: Unusual activity detected
WARNING: Memory usage high
ERROR: Timeout occurred
INFO: User logged in
ERROR: Failed to open config file
ERROR: File not found
WARNING: Disk space low
ERROR: Failed to open config file
ERROR: Permission denied
ERROR: Failed to open config file
ERROR: Failed to open config file
INFO: Job completed successfully
ERROR: Timeout occurred
WARNING: Memory usage high